<?xml version="1.0" encoding="UTF-8"?>
<!-- Generated by org.testng.reporters.JUnitReportReporter -->
<testsuite hostname="DESKTOP-6CH6DNR" failures="0" tests="2" name="Tests.AddToCartTest" time="8.986" errors="0" timestamp="2025-05-03T20:03:59 EEST" skipped="0">
  <testcase classname="Tests.AddToCartTest" name="validateAddMoreProductToCart" time="6.515"/>
  <system-out/>
  <testcase classname="Tests.AddToCartTest" name="validateAddProductToCart" time="2.471"/>
  <system-out/>
</testsuite> <!-- Tests.AddToCartTest -->
